Story 5 "Integrations and Automation" has been completed successfully. Here's a summary:

## Story 5 Completion Summary

### Features Implemented:

1. **Automate feedback to Vandromeda API on GitHub issue creation**
   - "Create Issue" button for team members to create GitHub issues directly
   - Green "synced" badge (GH-XX) shows when items are linked to GitHub
   - Automation badge with pulsing animation indicates active sync status

2. **User starring for personalized tracking in API**
   - Star button on each item for logged-in users
   - Star count displayed next to the star icon
   - "Sign in to star" prompt for non-authenticated users
   - Starred items tracked via Vandromeda API

3. **Enable stakeholder collaboration (comments, assignments)**
   - Comments section in expanded items showing author, timestamp, and body
   - Add comment form with input and Post button
   - Assignees display with avatar initials
   - Self-assignment functionality

### Technical Implementation:
- Added ~250 lines of CSS for new UI components
- Added ~400 lines of JavaScript for new functions
- Added 15 new Playwright tests (all passing)

### Commit: 85bd136

The PRD has been updated to mark Story 5 as `passes: true`.
