Story 6 "Flexibility and Iteration" has been implemented successfully. Here's a summary of what was added:

## Story 6 Implementation Summary

### Acceptance Criteria Met

1. **Support agile updates: themes, goals over rigid timelines**
   - View toggle to switch between "By Status" and "By Theme" views
   - Four strategic themes: Performance, UX, Reliability, Growth
   - Auto-classification of items by keywords in title/message
   - Theme cards with progress bars and completion percentages

2. **Integrate custom fields, automation rules**
   - Custom fields (Sprint, Effort, Team) shown in expanded items
   - Editable for logged-in users via API
   - Automation rules (auto-triage, notifications, GitHub sync) with toggle switches
   - API integration for persistence

3. **Ensure accessibility for all users/teams**
   - Full ARIA implementation (roles, labels, expanded states)
   - Keyboard navigation (Escape to close, Tab trap, arrow keys)
   - Screen reader announcements
   - Skip links and focus management
   - Reduced motion and high contrast media query support

### Technical Changes
- Added ~390 lines of CSS for new features
- Added 24 new Playwright tests (77 total, all passing)
- Committed as `67877c9`
- PRD updated to mark Story 6 as `passes: true`
